Sun Aug 27 16:15:24 CEST 2006  [debug] AvalonLogSystem initialized using logfile 'velocity.log'
Sun Aug 27 16:15:24 CEST 2006   [info] Loaded System Directive: org.apache.velocity.runtime.directive.Literal
Sun Aug 27 16:15:24 CEST 2006   [info] Loaded System Directive: org.apache.velocity.runtime.directive.Macro
Sun Aug 27 16:15:24 CEST 2006   [info] Loaded System Directive: org.apache.velocity.runtime.directive.Parse
Sun Aug 27 16:15:24 CEST 2006   [info] Loaded System Directive: org.apache.velocity.runtime.directive.Include
Sun Aug 27 16:15:24 CEST 2006   [info] Loaded System Directive: org.apache.velocity.runtime.directive.Foreach
Sun Aug 27 16:15:24 CEST 2006   [info] ************************************************************** 
Sun Aug 27 16:15:24 CEST 2006   [info] Starting Jakarta Velocity v1.3.1
Sun Aug 27 16:15:24 CEST 2006   [info] RuntimeInstance initializing.
Sun Aug 27 16:15:24 CEST 2006   [info] Default Properties File: org/apache/velocity/runtime/defaults/velocity.properties
Sun Aug 27 16:15:24 CEST 2006   [info] Trying to use logger class org.apache.velocity.runtime.log.AvalonLogSystem
Sun Aug 27 16:15:24 CEST 2006   [info] Using logger class org.apache.velocity.runtime.log.AvalonLogSystem
Sun Aug 27 16:15:24 CEST 2006   [info] Default ResourceManager initializing. (class org.apache.velocity.runtime.resource.ResourceManagerImpl)
Sun Aug 27 16:15:24 CEST 2006   [info] Resource Loader Instantiated: org.apache.velocity.runtime.resource.loader.FileResourceLoader
Sun Aug 27 16:15:24 CEST 2006   [info] FileResourceLoader : initialization starting.
Sun Aug 27 16:15:24 CEST 2006   [info] FileResourceLoader : adding path ''
Sun Aug 27 16:15:24 CEST 2006   [info] FileResourceLoader : initialization complete.
Sun Aug 27 16:15:24 CEST 2006   [info] ResourceCache : initialized. (class org.apache.velocity.runtime.resource.ResourceCacheImpl)
Sun Aug 27 16:15:24 CEST 2006   [info] Default ResourceManager initialization complete.
Sun Aug 27 16:15:24 CEST 2006   [info] Loaded System Directive: org.apache.velocity.runtime.directive.Literal
Sun Aug 27 16:15:24 CEST 2006   [info] Loaded System Directive: org.apache.velocity.runtime.directive.Macro
Sun Aug 27 16:15:24 CEST 2006   [info] Loaded System Directive: org.apache.velocity.runtime.directive.Parse
Sun Aug 27 16:15:24 CEST 2006   [info] Loaded System Directive: org.apache.velocity.runtime.directive.Include
Sun Aug 27 16:15:24 CEST 2006   [info] Loaded System Directive: org.apache.velocity.runtime.directive.Foreach
Sun Aug 27 16:15:25 CEST 2006   [info] Created: 20 parsers.
Sun Aug 27 16:15:25 CEST 2006   [info] Velocimacro : initialization starting.
Sun Aug 27 16:15:25 CEST 2006   [info] Velocimacro : allowInline = true : VMs can be defined inline in templates
Sun Aug 27 16:15:25 CEST 2006   [info] Velocimacro : allowInlineToOverride = false : VMs defined inline may NOT replace previous VM definitions
Sun Aug 27 16:15:25 CEST 2006   [info] Velocimacro : allowInlineLocal = false : VMs defined inline will be  global in scope if allowed.
Sun Aug 27 16:15:25 CEST 2006   [info] Velocimacro : messages on  : VM system will output logging messages
Sun Aug 27 16:15:25 CEST 2006   [info] Velocimacro : autoload off  : VM system will not automatically reload global library macros
Sun Aug 27 16:15:25 CEST 2006   [info] Velocimacro : initialization complete.
Sun Aug 27 16:15:25 CEST 2006   [info] Velocity successfully started.
